<?xml version="1.0" encoding="UTF-8"?>
<!-- Generated by org.testng.reporters.JUnitReportReporter -->
<testsuite hostname="LENOVO" failures="0" tests="1" name="Test.KhanAcademyLoginTest" time="33.818" errors="0" timestamp="2022-11-04T20:15:08 IST" skipped="0">
  <testcase classname="Test.KhanAcademyLoginTest" name="khanAcademyLoginTest" time="33.818"/>
  <system-out/>
</testsuite> <!-- Test.KhanAcademyLoginTest -->
